Using pre-set license
Built from '2020.3/staging' branch; Version is '2020.3.48f1 (b805b124c6b7) revision 12060081'; Using compiler version '192528614'; Build Type 'Release'
OS: 'Windows 11  (10.0.22621) 64bit Core' Language: 'it' Physical Memory: 7886 MB
BatchMode: 1, IsHumanControllingUs: 0, StartBugReporterOnCrash: 0, Is64bit: 1, IsPro: 0

COMMAND LINE ARGUMENTS:
C:\Program Files\Unity 2020.3.48f1\Editor\Unity.exe
-adb2
-batchMode
-noUpm
-name
AssetImportWorker0
-projectPath
C:/Users/Utente/Unity_Projects/Smart_Parking_Unity
-logFile
Logs/AssetImportWorker0.log
-srvPort
49747
Successfully changed project path to: C:/Users/Utente/Unity_Projects/Smart_Parking_Unity
C:/Users/Utente/Unity_Projects/Smart_Parking_Unity
Using Asset Import Pipeline V2.
Player connection [15108] Host "[IP] 172.19.138.53 [Port] 805524000 [Flags] 2 [Guid] 2227498649 [EditorId] 2227498649 [Version] 1048832 [Id] WindowsEditor(7,LAPTOP-PI2C1SMM) [Debug] 1 [PackageName] WindowsEditor [ProjectName] Editor" joined multi-casting on [225.0.0.222:54997]...

Player connection [15108] Host "[IP] 172.19.138.53 [Port] 805524000 [Flags] 2 [Guid] 2227498649 [EditorId] 2227498649 [Version] 1048832 [Id] WindowsEditor(7,LAPTOP-PI2C1SMM) [Debug] 1 [PackageName] WindowsEditor [ProjectName] Editor" joined alternative multi-casting on [225.0.0.222:34997]...

Refreshing native plugins compatible for Editor in 302.48 ms, found 3 plugins.
Preloading 0 native plugins for Editor in 0.00 ms.
Initialize engine version: 2020.3.48f1 (b805b124c6b7)
[Subsystems] Discovering subsystems at path C:/Program Files/Unity 2020.3.48f1/Editor/Data/Resources/UnitySubsystems
[Subsystems] Discovering subsystems at path C:/Users/Utente/Unity_Projects/Smart_Parking_Unity/Assets
GfxDevice: creating device client; threaded=0
Direct3D:
    Version:  Direct3D 11.0 [level 11.1]
    Renderer: Intel(R) UHD Graphics (ID=0x9a78)
    Vendor:   
    VRAM:     3943 MB
    Driver:   31.0.101.4255
Initialize mono
Mono path[0] = 'C:/Program Files/Unity 2020.3.48f1/Editor/Data/Managed'
Mono path[1] = 'C:/Program Files/Unity 2020.3.48f1/Editor/Data/MonoBleedingEdge/lib/mono/unityjit'
Mono config path = 'C:/Program Files/Unity 2020.3.48f1/Editor/Data/MonoBleedingEdge/etc'
Using monoOptions --debugger-agent=transport=dt_socket,embedding=1,server=y,suspend=n,address=127.0.0.1:56368
Begin MonoManager ReloadAssembly
Registering precompiled unity dll's ...
Register platform support module: C:/Program Files/Unity 2020.3.48f1/Editor/Data/PlaybackEngines/WindowsStandaloneSupport/UnityEditor.WindowsStandalone.Extensions.dll
Registered in 0.002351 seconds.
Native extension for WindowsStandalone target not found
Refreshing native plugins compatible for Editor in 60.01 ms, found 3 plugins.
Preloading 0 native plugins for Editor in 0.00 ms.
Mono: successfully reloaded assembly
- Completed reload, in  0.717 seconds
Domain Reload Profiling:
	ReloadAssembly (717ms)
		BeginReloadAssembly (101ms)
			ExecutionOrderSort (0ms)
			DisableScriptedObjects (0ms)
			BackupInstance (0ms)
			ReleaseScriptingObjects (0ms)
			CreateAndSetChildDomain (2ms)
		EndReloadAssembly (536ms)
			LoadAssemblies (97ms)
			RebuildTransferFunctionScriptingTraits (1ms)
			SetupTypeCache (161ms)
			ReleaseScriptCaches (0ms)
			RebuildScriptCaches (30ms)
			SetupLoadedEditorAssemblies (234ms)
				LogAssemblyErrors (0ms)
				InitializePlatformSupportModulesInManaged (5ms)
				SetLoadedEditorAssemblies (0ms)
				RefreshPlugins (60ms)
				BeforeProcessingInitializeOnLoad (20ms)
				ProcessInitializeOnLoadAttributes (112ms)
				ProcessInitializeOnLoadMethodAttributes (36ms)
				AfterProcessingInitializeOnLoad (0ms)
				EditorAssembliesLoaded (0ms)
			ExecutionOrderSort2 (0ms)
			AwakeInstancesAfterBackupRestoration (0ms)
Platform modules already initialized, skipping
Registering precompiled user dll's ...
Registered in 0.019562 seconds.
Begin MonoManager ReloadAssembly
Native extension for WindowsStandalone target not found
Refreshing native plugins compatible for Editor in 57.74 ms, found 3 plugins.
Preloading 0 native plugins for Editor in 0.00 ms.
Mono: successfully reloaded assembly
- Completed reload, in  1.699 seconds
Domain Reload Profiling:
	ReloadAssembly (1700ms)
		BeginReloadAssembly (144ms)
			ExecutionOrderSort (0ms)
			DisableScriptedObjects (5ms)
			BackupInstance (0ms)
			ReleaseScriptingObjects (0ms)
			CreateAndSetChildDomain (24ms)
		EndReloadAssembly (1491ms)
			LoadAssemblies (137ms)
			RebuildTransferFunctionScriptingTraits (0ms)
			SetupTypeCache (342ms)
			ReleaseScriptCaches (0ms)
			RebuildScriptCaches (41ms)
			SetupLoadedEditorAssemblies (881ms)
				LogAssemblyErrors (0ms)
				InitializePlatformSupportModulesInManaged (3ms)
				SetLoadedEditorAssemblies (0ms)
				RefreshPlugins (58ms)
				BeforeProcessingInitializeOnLoad (76ms)
				ProcessInitializeOnLoadAttributes (730ms)
				ProcessInitializeOnLoadMethodAttributes (10ms)
				AfterProcessingInitializeOnLoad (3ms)
				EditorAssembliesLoaded (0ms)
			ExecutionOrderSort2 (0ms)
			AwakeInstancesAfterBackupRestoration (2ms)
Platform modules already initialized, skipping
========================================================================
Worker process is ready to serve import requests
Launched and connected shader compiler UnityShaderCompiler.exe after 0.05 seconds
Refreshing native plugins compatible for Editor in 0.63 ms, found 3 plugins.
Preloading 0 native plugins for Editor in 0.00 ms.
Unloading 2029 Unused Serialized files (Serialized files now loaded: 0)
System memory in use before: 105.7 MB.
System memory in use after: 105.8 MB.

Unloading 34 unused Assets to reduce memory usage. Loaded Objects now: 2459.
Total: 5.092400 ms (FindLiveObjects: 0.166500 ms CreateObjectMapping: 0.046500 ms MarkObjects: 4.804600 ms  DeleteObjects: 0.073400 ms)

AssetImportParameters requested are different than current active one (requested -> active):
  custom:framework-win-MediaFoundation: 216162199b28c13a410421893ffa2e32 -> 
  custom:video-decoder-ogg-theora: a1e56fd34408186e4bbccfd4996cb3dc -> 
  custom:container-muxer-webm: aa71ff27fc2769a1b78a27578f13a17b -> 
  custom:container-demuxer-webm: 4f35f7cbe854078d1ac9338744f61a02 -> 
  custom:container-demuxer-ogg: 62fdf1f143b41e24485cea50d1cbac27 -> 
  custom:video-encoder-webm-vp8: eb34c28f22e8b96e1ab97ce403110664 -> 
  custom:video-decoder-webm-vp8: 9c59270c3fd7afecdb556c50c9e8de78 -> 
  custom:audio-decoder-ogg-vorbis: bf7c407c2cedff20999df2af8eb42d56 -> 
  custom:audio-encoder-webm-vorbis: bf7c407c2cedff20999df2af8eb42d56 -> 
========================================================================
Received Import Request.
  path: Assets/ModularLowpolyStreetsFree/Materials/Other/Sewer-grill.mat
  artifactKey: Guid(eaf5240417f4c2046a2d35b26cdf4e69) Importer(815301076,1909f56bfc062723c751e8b465ee728b)
Start importing Assets/ModularLowpolyStreetsFree/Materials/Other/Sewer-grill.mat using Guid(eaf5240417f4c2046a2d35b26cdf4e69) Importer(815301076,1909f56bfc062723c751e8b465ee728b)  -> (artifact id: '728c57de82f03533812006a6755678e7') in 0.225166 seconds 
========================================================================
Received Import Request.
  Time since last request: 0.000185 seconds.
  path: Assets/ModularLowpolyStreetsFree/Materials/Other/Bench-1.mat
  artifactKey: Guid(817da138884b1bb458a0afd57cc6bb00) Importer(815301076,1909f56bfc062723c751e8b465ee728b)
Start importing Assets/ModularLowpolyStreetsFree/Materials/Other/Bench-1.mat using Guid(817da138884b1bb458a0afd57cc6bb00) Importer(815301076,1909f56bfc062723c751e8b465ee728b)  -> (artifact id: '2d963fec20630499170b68388948f044') in 0.117000 seconds 
========================================================================
Received Import Request.
  Time since last request: 0.000332 seconds.
  path: Assets/ModularLowpolyStreetsFree/Materials/Other/Traffic-light-EU.mat
  artifactKey: Guid(abdc300c96ba8ee4698ad53975b2ddd9) Importer(815301076,1909f56bfc062723c751e8b465ee728b)
Start importing Assets/ModularLowpolyStreetsFree/Materials/Other/Traffic-light-EU.mat using Guid(abdc300c96ba8ee4698ad53975b2ddd9) Importer(815301076,1909f56bfc062723c751e8b465ee728b)  -> (artifact id: '51b0ecac5828d1856e101c8e29574a2f') in 0.111324 seconds 
========================================================================
Received Import Request.
  Time since last request: 0.000309 seconds.
  path: Assets/ModularLowpolyStreetsFree/Materials/Other/Hydrant.mat
  artifactKey: Guid(be63a4af02790f44db4ca21d06a5db32) Importer(815301076,1909f56bfc062723c751e8b465ee728b)
Start importing Assets/ModularLowpolyStreetsFree/Materials/Other/Hydrant.mat using Guid(be63a4af02790f44db4ca21d06a5db32) Importer(815301076,1909f56bfc062723c751e8b465ee728b)  -> (artifact id: 'fc01917a0403ff6ba32d78035c79e27b') in 0.135553 seconds 
========================================================================
Received Import Request.
  Time since last request: 0.000304 seconds.
  path: Assets/ModularLowpolyStreetsFree/Materials/Other/Tree-area-1.mat
  artifactKey: Guid(965261c5d0adae54c9845f2569fb56db) Importer(815301076,1909f56bfc062723c751e8b465ee728b)
Start importing Assets/ModularLowpolyStreetsFree/Materials/Other/Tree-area-1.mat using Guid(965261c5d0adae54c9845f2569fb56db) Importer(815301076,1909f56bfc062723c751e8b465ee728b)  -> (artifact id: '90d9b4c1f28cc6405bd9d7f7facb10ba') in 0.105061 seconds 
========================================================================
Received Import Request.
  Time since last request: 0.000390 seconds.
  path: Assets/ModularLowpolyStreetsFree/Materials/Other/Trash_can_1.mat
  artifactKey: Guid(732e282e711b88440921f49de9ea333b) Importer(815301076,1909f56bfc062723c751e8b465ee728b)
Start importing Assets/ModularLowpolyStreetsFree/Materials/Other/Trash_can_1.mat using Guid(732e282e711b88440921f49de9ea333b) Importer(815301076,1909f56bfc062723c751e8b465ee728b)  -> (artifact id: '36e10e3a533777e120209587c3dba5c8') in 0.153322 seconds 
========================================================================
Received Import Request.
  Time since last request: 0.000228 seconds.
  path: Assets/ModularLowpolyStreetsFree/Materials/Other/Cafe-table-1.mat
  artifactKey: Guid(4d9e55684f3dcdf44ac69eb3fc195388) Importer(815301076,1909f56bfc062723c751e8b465ee728b)
Start importing Assets/ModularLowpolyStreetsFree/Materials/Other/Cafe-table-1.mat using Guid(4d9e55684f3dcdf44ac69eb3fc195388) Importer(815301076,1909f56bfc062723c751e8b465ee728b)  -> (artifact id: '006c79385f7ee70b9f9d0de8107c745a') in 0.135862 seconds 
========================================================================
Received Import Request.
  Time since last request: 0.000228 seconds.
  path: Assets/ModularLowpolyStreetsFree/Materials/Other/Cafe-chair-1.mat
  artifactKey: Guid(a9d75633b554b0f42ad144d5f0336e2b) Importer(815301076,1909f56bfc062723c751e8b465ee728b)
Start importing Assets/ModularLowpolyStreetsFree/Materials/Other/Cafe-chair-1.mat using Guid(a9d75633b554b0f42ad144d5f0336e2b) Importer(815301076,1909f56bfc062723c751e8b465ee728b)  -> (artifact id: 'c3a96ab92d0af584130278db404224da') in 0.095262 seconds 
========================================================================
Received Import Request.
  Time since last request: 0.000209 seconds.
  path: Assets/ModularLowpolyStreetsFree/Materials/Other/Traffic-cone.mat
  artifactKey: Guid(7836fe20ca29307408fffe453e5c30fa) Importer(815301076,1909f56bfc062723c751e8b465ee728b)
Start importing Assets/ModularLowpolyStreetsFree/Materials/Other/Traffic-cone.mat using Guid(7836fe20ca29307408fffe453e5c30fa) Importer(815301076,1909f56bfc062723c751e8b465ee728b)  -> (artifact id: 'e2fac2061c51ff4a53e74f22b28cf3ac') in 0.103200 seconds 
========================================================================
Received Import Request.
  Time since last request: 0.000427 seconds.
  path: Assets/ModularLowpolyStreetsFree/Materials/Other/Sewer-hatch.mat
  artifactKey: Guid(df7b2ef8a5833994cafa9dc32afe2135) Importer(815301076,1909f56bfc062723c751e8b465ee728b)
Start importing Assets/ModularLowpolyStreetsFree/Materials/Other/Sewer-hatch.mat using Guid(df7b2ef8a5833994cafa9dc32afe2135) Importer(815301076,1909f56bfc062723c751e8b465ee728b)  -> (artifact id: 'e62a36b9a906681029efb2631ae7fa21') in 0.098931 seconds 
========================================================================
Received Import Request.
  Time since last request: 0.000263 seconds.
  path: Assets/ModularLowpolyStreetsFree/Materials/Other/Traffic-light-EU-light.mat
  artifactKey: Guid(2f2fc0768c223304a98f72a08aae9261) Importer(815301076,1909f56bfc062723c751e8b465ee728b)
Start importing Assets/ModularLowpolyStreetsFree/Materials/Other/Traffic-light-EU-light.mat using Guid(2f2fc0768c223304a98f72a08aae9261) Importer(815301076,1909f56bfc062723c751e8b465ee728b)  -> (artifact id: '633cdea217ecc84667485aebe56d3b2c') in 0.126977 seconds 
========================================================================
Received Import Request.
  Time since last request: 0.000309 seconds.
  path: Assets/ModularLowpolyStreetsFree/Materials/Other/Tree-1.mat
  artifactKey: Guid(eb2526de915a6254fa658b21b6338e37) Importer(815301076,1909f56bfc062723c751e8b465ee728b)
Start importing Assets/ModularLowpolyStreetsFree/Materials/Other/Tree-1.mat using Guid(eb2526de915a6254fa658b21b6338e37) Importer(815301076,1909f56bfc062723c751e8b465ee728b)  -> (artifact id: 'c215e8517bcd49daf0569e2d32d06229') in 0.110417 seconds 
========================================================================
Received Import Request.
  Time since last request: 0.000246 seconds.
  path: Assets/ModularLowpolyStreetsFree/Materials/Other/Pole-light.mat
  artifactKey: Guid(8b7309a6c788b664681a337f9101337e) Importer(815301076,1909f56bfc062723c751e8b465ee728b)
Start importing Assets/ModularLowpolyStreetsFree/Materials/Other/Pole-light.mat using Guid(8b7309a6c788b664681a337f9101337e) Importer(815301076,1909f56bfc062723c751e8b465ee728b)  -> (artifact id: '5f64c70cd20fb6b5a6a71fca3a525f9d') in 0.210200 seconds 
========================================================================
Received Import Request.
  Time since last request: 0.000234 seconds.
  path: Assets/ModularLowpolyStreetsFree/Materials/Other/Pole-base.mat
  artifactKey: Guid(c253732cb67d0be46817dcd85cc34ceb) Importer(815301076,1909f56bfc062723c751e8b465ee728b)
Start importing Assets/ModularLowpolyStreetsFree/Materials/Other/Pole-base.mat using Guid(c253732cb67d0be46817dcd85cc34ceb) Importer(815301076,1909f56bfc062723c751e8b465ee728b)  -> (artifact id: '94e04db7594a8171ee589fed4437c112') in 0.093018 seconds 
========================================================================
Received Import Request.
  Time since last request: 0.000231 seconds.
  path: Assets/ModularLowpolyStreetsFree/Materials/Other/Pole1.mat
  artifactKey: Guid(8654194a4a9755d4aa0bd32d6fe0cd4c) Importer(815301076,1909f56bfc062723c751e8b465ee728b)
Start importing Assets/ModularLowpolyStreetsFree/Materials/Other/Pole1.mat using Guid(8654194a4a9755d4aa0bd32d6fe0cd4c) Importer(815301076,1909f56bfc062723c751e8b465ee728b)  -> (artifact id: '7a81e24f8c79cb86b327f22cc6d0aa42') in 0.120496 seconds 
========================================================================
Received Import Request.
  Time since last request: 0.000264 seconds.
  path: Assets/ModularLowpolyStreetsFree/Materials/Other
  artifactKey: Guid(bdd3f9fb6405126469fa307db5518705) Importer(815301076,1909f56bfc062723c751e8b465ee728b)
Start importing Assets/ModularLowpolyStreetsFree/Materials/Other using Guid(bdd3f9fb6405126469fa307db5518705) Importer(815301076,1909f56bfc062723c751e8b465ee728b)  -> (artifact id: '86afc83fdc643a127dd8e66e4d49607c') in 0.076342 seconds 
========================================================================
Received Import Request.
  Time since last request: 1311.943107 seconds.
  path: Assets/PavingStone
  artifactKey: Guid(78e1d6be8042dec43adc7ac619c62709) Importer(815301076,1909f56bfc062723c751e8b465ee728b)
Start importing Assets/PavingStone using Guid(78e1d6be8042dec43adc7ac619c62709) Importer(815301076,1909f56bfc062723c751e8b465ee728b)  -> (artifact id: 'f669242183fb0609c94f4422631c3286') in 0.042451 seconds 
========================================================================
Received Import Request.
  Time since last request: 1.454958 seconds.
  path: Assets/PavingStone/Materials
  artifactKey: Guid(d58fb3072190c5c478a5fe8ca3712fcc) Importer(815301076,1909f56bfc062723c751e8b465ee728b)
Start importing Assets/PavingStone/Materials using Guid(d58fb3072190c5c478a5fe8ca3712fcc) Importer(815301076,1909f56bfc062723c751e8b465ee728b)  -> (artifact id: '4a61bc9344cf347ee62c2951882529b1') in 0.046616 seconds 
========================================================================
Received Import Request.
  Time since last request: 0.001904 seconds.
  path: Assets/PavingStone/Materials/PavingStone-01-Bad.mat
  artifactKey: Guid(ce6cadbae9824864aaf56355c258e337) Importer(815301076,1909f56bfc062723c751e8b465ee728b)
Start importing Assets/PavingStone/Materials/PavingStone-01-Bad.mat using Guid(ce6cadbae9824864aaf56355c258e337) Importer(815301076,1909f56bfc062723c751e8b465ee728b)  -> (artifact id: '1710c179252ab0867e54bf5bd7e75087') in 0.282964 seconds 
========================================================================
Received Import Request.
  Time since last request: 0.000507 seconds.
  path: Assets/PavingStone/Materials/PavingStone-01-Ruin.mat
  artifactKey: Guid(df5f6fe720ad9084dac32fe369d2e8f6) Importer(815301076,1909f56bfc062723c751e8b465ee728b)
Start importing Assets/PavingStone/Materials/PavingStone-01-Ruin.mat using Guid(df5f6fe720ad9084dac32fe369d2e8f6) Importer(815301076,1909f56bfc062723c751e8b465ee728b)  -> (artifact id: 'e6f76a03ec8929908fbf2daa8f9c649f') in 0.263117 seconds 
========================================================================
Received Import Request.
  Time since last request: 0.000300 seconds.
  path: Assets/PavingStone/Materials/PavingStone-01-Good.mat
  artifactKey: Guid(0fcd03894e392f84ba2f625e4a9ee7ed) Importer(815301076,1909f56bfc062723c751e8b465ee728b)
Start importing Assets/PavingStone/Materials/PavingStone-01-Good.mat using Guid(0fcd03894e392f84ba2f625e4a9ee7ed) Importer(815301076,1909f56bfc062723c751e8b465ee728b)  -> (artifact id: '70c48252b90828c34fb3a7f518ab373e') in 0.244336 seconds 
========================================================================
Received Import Request.
  Time since last request: 0.000350 seconds.
  path: Assets/PavingStone/Materials/PavingStone-01-Perfect.mat
  artifactKey: Guid(dedc1d9470dafe046866e641dc6d6b34) Importer(815301076,1909f56bfc062723c751e8b465ee728b)
Start importing Assets/PavingStone/Materials/PavingStone-01-Perfect.mat using Guid(dedc1d9470dafe046866e641dc6d6b34) Importer(815301076,1909f56bfc062723c751e8b465ee728b)  -> (artifact id: '85136f7a7474b1f08b161dd27be6ddd1') in 0.242860 seconds 
========================================================================
Received Import Request.
  Time since last request: 2137.347870 seconds.
  path: Assets/Parking details/textures
  artifactKey: Guid(7f6725c067e1e6649aa75bdadebdc1d5) Importer(815301076,1909f56bfc062723c751e8b465ee728b)
Start importing Assets/Parking details/textures using Guid(7f6725c067e1e6649aa75bdadebdc1d5) Importer(815301076,1909f56bfc062723c751e8b465ee728b)  -> (artifact id: '268b3874e4953d1ec3f22261daf3ff3e') in 0.066215 seconds 
========================================================================
Received Import Request.
  Time since last request: 0.000281 seconds.
  path: Assets/Parking details/textures/Parking details_painter_parking_fence_mat_MetallicSmoothness.png
  artifactKey: Guid(1c05b21b20a2e124e966476d1e281f36) Importer(815301076,1909f56bfc062723c751e8b465ee728b)
Start importing Assets/Parking details/textures/Parking details_painter_parking_fence_mat_MetallicSmoothness.png using Guid(1c05b21b20a2e124e966476d1e281f36) Importer(815301076,1909f56bfc062723c751e8b465ee728b)  -> (artifact id: 'a0c0590f3c482ed14d1a2b09e23f3d3a') in 0.182265 seconds 
========================================================================
Received Import Request.
  Time since last request: 0.000244 seconds.
  path: Assets/Parking details/textures/Parking details_painter_parking_chimney_mat_MetallicSmoothness.png
  artifactKey: Guid(ac3554bbf9204ad408036783c0814e4f) Importer(815301076,1909f56bfc062723c751e8b465ee728b)
Start importing Assets/Parking details/textures/Parking details_painter_parking_chimney_mat_MetallicSmoothness.png using Guid(ac3554bbf9204ad408036783c0814e4f) Importer(815301076,1909f56bfc062723c751e8b465ee728b)  -> (artifact id: '0463f5184bfe980a08c172a76a6cc9df') in 0.079491 seconds 
========================================================================
Received Import Request.
  Time since last request: 0.000979 seconds.
  path: Assets/Parking details/textures/Parking details_painter_parking_chimney_mat_AlbedoTransparency.png
  artifactKey: Guid(78179d0841a8f0545be07453e69ba275) Importer(815301076,1909f56bfc062723c751e8b465ee728b)
Start importing Assets/Parking details/textures/Parking details_painter_parking_chimney_mat_AlbedoTransparency.png using Guid(78179d0841a8f0545be07453e69ba275) Importer(815301076,1909f56bfc062723c751e8b465ee728b)  -> (artifact id: 'bf52f214468f8c151d92cb70ecefd3ce') in 0.080284 seconds 
========================================================================
Received Import Request.
  Time since last request: 0.000227 seconds.
  path: Assets/Parking details/textures/Parking details_painter_parking_lamp_mat_Emission.png
  artifactKey: Guid(0a48e014418e2234098a7bff30316efa) Importer(815301076,1909f56bfc062723c751e8b465ee728b)
Start importing Assets/Parking details/textures/Parking details_painter_parking_lamp_mat_Emission.png using Guid(0a48e014418e2234098a7bff30316efa) Importer(815301076,1909f56bfc062723c751e8b465ee728b)  -> (artifact id: 'f8b313b380ad8a25cd2d9cdeaae23e97') in 0.069758 seconds 
========================================================================
Received Import Request.
  Time since last request: 0.000248 seconds.
  path: Assets/Parking details/textures/Parking details_painter_parking_island_mat_MetallicSmoothness.png
  artifactKey: Guid(ac4481060ff47ae45a95195f72ad6676) Importer(815301076,1909f56bfc062723c751e8b465ee728b)
Start importing Assets/Parking details/textures/Parking details_painter_parking_island_mat_MetallicSmoothness.png using Guid(ac4481060ff47ae45a95195f72ad6676) Importer(815301076,1909f56bfc062723c751e8b465ee728b)  -> (artifact id: 'a6e5967f11e2660954656f673a9eeeab') in 0.083247 seconds 
========================================================================
Received Import Request.
  Time since last request: 0.000215 seconds.
  path: Assets/Parking details/textures/Parking details_painter_parking_board_mat_Normal.png
  artifactKey: Guid(1b328cda1602bec409f6a01a9068ce6b) Importer(815301076,1909f56bfc062723c751e8b465ee728b)
Start importing Assets/Parking details/textures/Parking details_painter_parking_board_mat_Normal.png using Guid(1b328cda1602bec409f6a01a9068ce6b) Importer(815301076,1909f56bfc062723c751e8b465ee728b)  -> (artifact id: '21c7a2ffd51960b92b0ffdd8f51932c4') in 0.073963 seconds 
========================================================================
Received Import Request.
  Time since last request: 0.000510 seconds.
  path: Assets/Parking details/textures/Parking details_painter_parking_lamp_mat_MetallicSmoothness.png
  artifactKey: Guid(bb7ec74bf99f5684a884c314886a812f) Importer(815301076,1909f56bfc062723c751e8b465ee728b)
Start importing Assets/Parking details/textures/Parking details_painter_parking_lamp_mat_MetallicSmoothness.png using Guid(bb7ec74bf99f5684a884c314886a812f) Importer(815301076,1909f56bfc062723c751e8b465ee728b)  -> (artifact id: 'e26e7616c7f4149900221698324bda6d') in 0.076371 seconds 
========================================================================
Received Import Request.
  Time since last request: 0.000243 seconds.
  path: Assets/Parking details/textures/Parking details_painter_parking_mat_MetallicSmoothness.png
  artifactKey: Guid(320b180f1e3d50c4c89bf82e756f80bb) Importer(815301076,1909f56bfc062723c751e8b465ee728b)
Start importing Assets/Parking details/textures/Parking details_painter_parking_mat_MetallicSmoothness.png using Guid(320b180f1e3d50c4c89bf82e756f80bb) Importer(815301076,1909f56bfc062723c751e8b465ee728b)  -> (artifact id: '7294a1141246024cc8bc7343ac2d05d6') in 0.107219 seconds 
========================================================================
Received Import Request.
  Time since last request: 0.000628 seconds.
  path: Assets/Parking details/textures/Parking details_painter_parking_barrier_mat_MetallicSmoothness.png
  artifactKey: Guid(4e0fda8374d19584e9761b696a801d23) Importer(815301076,1909f56bfc062723c751e8b465ee728b)
Start importing Assets/Parking details/textures/Parking details_painter_parking_barrier_mat_MetallicSmoothness.png using Guid(4e0fda8374d19584e9761b696a801d23) Importer(815301076,1909f56bfc062723c751e8b465ee728b)  -> (artifact id: 'db7096f7e117b52bf5511f8e2c8e944a') in 0.142088 seconds 
========================================================================
Received Import Request.
  Time since last request: 0.000904 seconds.
  path: Assets/Parking details/textures/Parking details_painter_parking_mat_Normal.png
  artifactKey: Guid(49c68e0753acb144fbb0589137603b86) Importer(815301076,1909f56bfc062723c751e8b465ee728b)
Start importing Assets/Parking details/textures/Parking details_painter_parking_mat_Normal.png using Guid(49c68e0753acb144fbb0589137603b86) Importer(815301076,1909f56bfc062723c751e8b465ee728b)  -> (artifact id: '4636e37d1b556b55c235472028d8cc42') in 0.065070 seconds 
========================================================================
Received Import Request.
  Time since last request: 0.000208 seconds.
  path: Assets/Parking details/textures/Parking details_painter_parking_signboard_mat_Normal.png
  artifactKey: Guid(1f7af8178db6bb345b19e25d3425de33) Importer(815301076,1909f56bfc062723c751e8b465ee728b)
Start importing Assets/Parking details/textures/Parking details_painter_parking_signboard_mat_Normal.png using Guid(1f7af8178db6bb345b19e25d3425de33) Importer(815301076,1909f56bfc062723c751e8b465ee728b)  -> (artifact id: '1df7220f654060f49f3be5a0754308a9') in 0.098218 seconds 
========================================================================
Received Import Request.
  Time since last request: 0.000224 seconds.
  path: Assets/Parking details/textures/Parking details_painter_parking_lamp_mat_AlbedoTransparency.png
  artifactKey: Guid(35bd12fcb5cac90448d345c3c6355c36) Importer(815301076,1909f56bfc062723c751e8b465ee728b)
Start importing Assets/Parking details/textures/Parking details_painter_parking_lamp_mat_AlbedoTransparency.png using Guid(35bd12fcb5cac90448d345c3c6355c36) Importer(815301076,1909f56bfc062723c751e8b465ee728b)  -> (artifact id: '254208fa689e55bf25304cb9200fe20d') in 0.089688 seconds 
========================================================================
Received Import Request.
  Time since last request: 0.000257 seconds.
  path: Assets/Parking details/textures/Parking details_painter_parking_lamp_mat_Normal.png
  artifactKey: Guid(cdcdee96d3425384aa3d31a99fe2c8da) Importer(815301076,1909f56bfc062723c751e8b465ee728b)
Start importing Assets/Parking details/textures/Parking details_painter_parking_lamp_mat_Normal.png using Guid(cdcdee96d3425384aa3d31a99fe2c8da) Importer(815301076,1909f56bfc062723c751e8b465ee728b)  -> (artifact id: '70ccb2278603ec4a9b1503f0008c2a4c') in 0.091179 seconds 
========================================================================
Received Import Request.
  Time since last request: 0.000185 seconds.
  path: Assets/Parking details/textures/Parking details_painter_parking_machine_mat_AlbedoTransparency.png
  artifactKey: Guid(e93a8bfe337f4894c9e1fed178fa69a0) Importer(815301076,1909f56bfc062723c751e8b465ee728b)
Start importing Assets/Parking details/textures/Parking details_painter_parking_machine_mat_AlbedoTransparency.png using Guid(e93a8bfe337f4894c9e1fed178fa69a0) Importer(815301076,1909f56bfc062723c751e8b465ee728b)  -> (artifact id: 'c34e54300c4474a39961f83a67382694') in 0.103798 seconds 
========================================================================
Received Import Request.
  Time since last request: 0.000257 seconds.
  path: Assets/Parking details/textures/Parking details_painter_parking_fence_mat_Normal.png
  artifactKey: Guid(f362f002d1e3fe24eaf64a588c13a23f) Importer(815301076,1909f56bfc062723c751e8b465ee728b)
Start importing Assets/Parking details/textures/Parking details_painter_parking_fence_mat_Normal.png using Guid(f362f002d1e3fe24eaf64a588c13a23f) Importer(815301076,1909f56bfc062723c751e8b465ee728b)  -> (artifact id: '086246e06cc6c8433d3c18e8c9fd9c30') in 0.102106 seconds 
========================================================================
Received Import Request.
  Time since last request: 0.000217 seconds.
  path: Assets/Parking details/textures/Parking details_painter_parking_mat_AlbedoTransparency.png
  artifactKey: Guid(a8c8d8f3cbf1a0846ba131454fecbf36) Importer(815301076,1909f56bfc062723c751e8b465ee728b)
Start importing Assets/Parking details/textures/Parking details_painter_parking_mat_AlbedoTransparency.png using Guid(a8c8d8f3cbf1a0846ba131454fecbf36) Importer(815301076,1909f56bfc062723c751e8b465ee728b)  -> (artifact id: 'd9b89753f63c22f3ec4d9deb4b1e0dde') in 0.082470 seconds 
========================================================================
Received Import Request.
  Time since last request: 0.000341 seconds.
  path: Assets/Parking details/textures/Parking details_painter_parking_signboard_mat_AlbedoTransparency.png
  artifactKey: Guid(1a75184e8fe1e8d4cb64e9cc9925b95c) Importer(815301076,1909f56bfc062723c751e8b465ee728b)
Start importing Assets/Parking details/textures/Parking details_painter_parking_signboard_mat_AlbedoTransparency.png using Guid(1a75184e8fe1e8d4cb64e9cc9925b95c) Importer(815301076,1909f56bfc062723c751e8b465ee728b)  -> (artifact id: '918f2f254c09fa2ddc1f4ae5a3ec9101') in 0.101661 seconds 
========================================================================
Received Import Request.
  Time since last request: 0.000230 seconds.
  path: Assets/Parking details/textures/Parking details_painter_parking_signboard_mat_MetallicSmoothness.png
  artifactKey: Guid(4997e54d241290143bb0880bf7051197) Importer(815301076,1909f56bfc062723c751e8b465ee728b)
Start importing Assets/Parking details/textures/Parking details_painter_parking_signboard_mat_MetallicSmoothness.png using Guid(4997e54d241290143bb0880bf7051197) Importer(815301076,1909f56bfc062723c751e8b465ee728b)  -> (artifact id: '1190a87a8641f1c2135332c2dc45cfc9') in 0.092926 seconds 
========================================================================
Received Import Request.
  Time since last request: 0.000212 seconds.
  path: Assets/Parking details/textures/Parking details_painter_parking_chimney_mat_Normal.png
  artifactKey: Guid(3638ee0bd864df143a25de17f554ef4d) Importer(815301076,1909f56bfc062723c751e8b465ee728b)
Start importing Assets/Parking details/textures/Parking details_painter_parking_chimney_mat_Normal.png using Guid(3638ee0bd864df143a25de17f554ef4d) Importer(815301076,1909f56bfc062723c751e8b465ee728b)  -> (artifact id: '55067104db02de0b815873da2b26ade4') in 0.109673 seconds 
========================================================================
Received Import Request.
  Time since last request: 0.000353 seconds.
  path: Assets/Parking details/textures/Parking details_painter_parking_barrier_mat_Normal.png
  artifactKey: Guid(e73ec7b349e540249859188cc26be8e6) Importer(815301076,1909f56bfc062723c751e8b465ee728b)
Start importing Assets/Parking details/textures/Parking details_painter_parking_barrier_mat_Normal.png using Guid(e73ec7b349e540249859188cc26be8e6) Importer(815301076,1909f56bfc062723c751e8b465ee728b)  -> (artifact id: '2704836ce7ac81ae4a2a450481417c30') in 0.102287 seconds 
========================================================================
Received Import Request.
  Time since last request: 0.000259 seconds.
  path: Assets/Parking details/textures/Parking details_painter_parking_board_mat_AlbedoTransparency.png
  artifactKey: Guid(a0488e3a8c63e9345ac92f2062fd2cab) Importer(815301076,1909f56bfc062723c751e8b465ee728b)
Start importing Assets/Parking details/textures/Parking details_painter_parking_board_mat_AlbedoTransparency.png using Guid(a0488e3a8c63e9345ac92f2062fd2cab) Importer(815301076,1909f56bfc062723c751e8b465ee728b)  -> (artifact id: 'ca0dde2d5ff7dc356ffb6203def6682e') in 0.079780 seconds 
========================================================================
Received Import Request.
  Time since last request: 0.000324 seconds.
  path: Assets/Parking details/textures/Parking details_painter_parking_barrier_mat_AlbedoTransparency.png
  artifactKey: Guid(fc337ac8aae35f746a02af8049d43f98) Importer(815301076,1909f56bfc062723c751e8b465ee728b)
Start importing Assets/Parking details/textures/Parking details_painter_parking_barrier_mat_AlbedoTransparency.png using Guid(fc337ac8aae35f746a02af8049d43f98) Importer(815301076,1909f56bfc062723c751e8b465ee728b)  -> (artifact id: '71e85dbf8edab34403a715d1a4b899ea') in 0.089661 seconds 
========================================================================
Received Import Request.
  Time since last request: 0.000275 seconds.
  path: Assets/Parking details/textures/parking_lamp_mat_opacity.png
  artifactKey: Guid(9e0b29b713106e94895014307cd1a9f1) Importer(815301076,1909f56bfc062723c751e8b465ee728b)
Start importing Assets/Parking details/textures/parking_lamp_mat_opacity.png using Guid(9e0b29b713106e94895014307cd1a9f1) Importer(815301076,1909f56bfc062723c751e8b465ee728b)  -> (artifact id: '19c427a05454cb700f705ba7079c3666') in 0.096096 seconds 
========================================================================
Received Import Request.
  Time since last request: 0.000590 seconds.
  path: Assets/Parking details/textures/Parking details_painter_parking_machine_mat_Normal.png
  artifactKey: Guid(e72af615394d9544986555b5bcb1be84) Importer(815301076,1909f56bfc062723c751e8b465ee728b)
Start importing Assets/Parking details/textures/Parking details_painter_parking_machine_mat_Normal.png using Guid(e72af615394d9544986555b5bcb1be84) Importer(815301076,1909f56bfc062723c751e8b465ee728b)  -> (artifact id: '63bb62dafae8ce9edcc10eb5ed92c4a0') in 0.070130 seconds 
========================================================================
Received Import Request.
  Time since last request: 0.000303 seconds.
  path: Assets/Parking details/textures/Parking details_painter_parking_island_mat_Normal.png
  artifactKey: Guid(5774e3efc2304cb45b4dc86a831ccc24) Importer(815301076,1909f56bfc062723c751e8b465ee728b)
Start importing Assets/Parking details/textures/Parking details_painter_parking_island_mat_Normal.png using Guid(5774e3efc2304cb45b4dc86a831ccc24) Importer(815301076,1909f56bfc062723c751e8b465ee728b)  -> (artifact id: '422aeefff222d15592b1dbf8e225d779') in 0.070733 seconds 
========================================================================
Received Import Request.
  Time since last request: 0.000356 seconds.
  path: Assets/Parking details/textures/Parking details_painter_parking_board_mat_MetallicSmoothness.png
  artifactKey: Guid(d4f378cbc8147364db8d44ed2a028a84) Importer(815301076,1909f56bfc062723c751e8b465ee728b)
Start importing Assets/Parking details/textures/Parking details_painter_parking_board_mat_MetallicSmoothness.png using Guid(d4f378cbc8147364db8d44ed2a028a84) Importer(815301076,1909f56bfc062723c751e8b465ee728b)  -> (artifact id: '4421c38f34b9f832629e6dccc39f4f86') in 0.070196 seconds 
========================================================================
Received Import Request.
  Time since last request: 0.000253 seconds.
  path: Assets/Parking details/textures/Parking details_painter_parking_machine_mat_MetallicSmoothness.png
  artifactKey: Guid(fb8750a69da415648bdff4015aa0965d) Importer(815301076,1909f56bfc062723c751e8b465ee728b)
Start importing Assets/Parking details/textures/Parking details_painter_parking_machine_mat_MetallicSmoothness.png using Guid(fb8750a69da415648bdff4015aa0965d) Importer(815301076,1909f56bfc062723c751e8b465ee728b)  -> (artifact id: '3730dca66e2207a2e14f2f4e005ff986') in 0.068978 seconds 
========================================================================
Received Import Request.
  Time since last request: 0.001463 seconds.
  path: Assets/Parking details/textures/Parking details_painter_parking_fence_mat_AlbedoTransparency.png
  artifactKey: Guid(8c250d27bb869de4a944d486c1d853bd) Importer(815301076,1909f56bfc062723c751e8b465ee728b)
Start importing Assets/Parking details/textures/Parking details_painter_parking_fence_mat_AlbedoTransparency.png using Guid(8c250d27bb869de4a944d486c1d853bd) Importer(815301076,1909f56bfc062723c751e8b465ee728b)  -> (artifact id: '559c4732c4451a15f96b2ee95a1be82e') in 0.073277 seconds 
========================================================================
Received Import Request.
  Time since last request: 0.000202 seconds.
  path: Assets/Parking details/textures/Parking details_painter_parking_island_mat_AlbedoTransparency.png
  artifactKey: Guid(d4238ff046b4f6540a339e8718c21783) Importer(815301076,1909f56bfc062723c751e8b465ee728b)
Start importing Assets/Parking details/textures/Parking details_painter_parking_island_mat_AlbedoTransparency.png using Guid(d4238ff046b4f6540a339e8718c21783) Importer(815301076,1909f56bfc062723c751e8b465ee728b)  -> (artifact id: '3f990d14456f7d24fded5d27a8c3e94a') in 0.072825 seconds 
========================================================================
Received Import Request.
  Time since last request: 967.162778 seconds.
  path: Assets/Trees
  artifactKey: Guid(66b90fedad1702b4586c0b82b7e60123) Importer(815301076,1909f56bfc062723c751e8b465ee728b)
Start importing Assets/Trees using Guid(66b90fedad1702b4586c0b82b7e60123) Importer(815301076,1909f56bfc062723c751e8b465ee728b)  -> (artifact id: '7e5088bf54edff3c7b2e3d31cb30a6f5') in 0.028728 seconds 
========================================================================
Received Import Request.
  Time since last request: 1617.433831 seconds.
  path: Assets/POLYGON city pack/Materials/Colors_buildings
  artifactKey: Guid(bf61a2997700b9e449a9c2898e7dbb81) Importer(815301076,1909f56bfc062723c751e8b465ee728b)
Start importing Assets/POLYGON city pack/Materials/Colors_buildings using Guid(bf61a2997700b9e449a9c2898e7dbb81) Importer(815301076,1909f56bfc062723c751e8b465ee728b)  -> (artifact id: 'a9e197d7d80e28c621b088288b075bdc') in 0.014602 seconds 
AssetImportWorkerClient::OnTransportError - code=2 error=End of file
