Base path: 'C:/Program Files/Unity 2020.3.48f1/Editor/Data', plugins path 'C:/Program Files/Unity 2020.3.48f1/Editor/Data/PlaybackEngines'
Cmd: initializeCompiler

Cmd: compileSnippet
  insize=1188 file=Packages/com.unity.barracuda/Barracuda/Runtime/Core/Resources/Barracuda/PixelShaders/Barracuda/Resample2D pass=<Unnamed Pass> cachingPP=1 ppOnly=0 stripLineD=0 buildPlatform=19 rsLen=0 pKW=UNITY_ENABLE_REFLECTION_BUFFERS UNITY_USE_DITHER_MASK_FOR_ALPHABLENDED_SHADOWS UNITY_PBS_USE_BRDF1 UNITY_SPECCUBE_BOX_PROJECTION UNITY_SPECCUBE_BLENDING UNITY_ENABLE_DETAIL_NORMALMAP SHADER_API_DESKTOP UNITY_LIGHT_PROBE_PROXY_VOLUME UNITY_LIGHTMAP_FULL_HDR uKW=BATCHTILLING_OFF dKW=BATCHTILLING_ON UNITY_NO_DXT5nm UNITY_ENABLE_NATIVE_SHADOW_LOOKUPS UNITY_METAL_SHADOWS_USE_POINT_FILTERING UNITY_NO_SCREENSPACE_SHADOWS UNITY_PBS_USE_BRDF2 UNITY_PBS_USE_BRDF3 UNITY_NO_FULL_STANDARD_SHADER UNITY_HARDWARE_TIER1 UNITY_HARDWARE_TIER2 UNITY_HARDWARE_TIER3 UNITY_COLORSPACE_GAMMA UNITY_HALF_PRECISION_FRAGMENT_SHADER_REGISTERS UNITY_LIGHTMAP_DLDR_ENCODING UNITY_LIGHTMAP_RGBM_ENCODING UNITY_VIRTUAL_TEXTURING UNITY_PRETRANSFORM_TO_DISPLAY_ORIENTATION UNITY_ASTC_NORMALMAP_ENCODING SHADER_API_GLES30 flags=0 lang=0 type=Vertex platform=d3d11 reqs=33 mask=6 start=13 ok=1 outsize=682

Cmd: compileComputeKernel
  insize=18743 file=C:/Users/ADMiN/Unity_Projects/Smart_Parking/Library/PackageCache/com.unity.barracuda@2.3.1-preview/Barracuda/Runtime/Core/Resources/Barracuda/MatMul.compute kernel=MultidimMatMul_L1Cached64_AR3_BR2_NHWC cachingPP=1 ppOnly=0 stripLineD=0 buildPlatform=19 km=<RANKA=3>,<RANKB=2>,<CHANNELS_FIRST=0>,<UNITY_VERSION=202039> pKW=UNITY_ENABLE_REFLECTION_BUFFERS UNITY_USE_DITHER_MASK_FOR_ALPHABLENDED_SHADOWS UNITY_PBS_USE_BRDF1 UNITY_SPECCUBE_BOX_PROJECTION UNITY_SPECCUBE_BLENDING UNITY_ENABLE_DETAIL_NORMALMAP SHADER_API_DESKTOP UNITY_LIGHT_PROBE_PROXY_VOLUME UNITY_LIGHTMAP_FULL_HDR uKW=SHADER_STAGE_COMPUTE platform=d3d11 flags=0 ok=1 outsize=14017

Cmd: compileComputeKernel
  insize=451 file=C:/Users/ADMiN/Unity_Projects/Smart_Parking/Library/PackageCache/com.unity.barracuda@2.3.1-preview/Barracuda/Runtime/Core/Resources/Barracuda/Pool_NCHW.compute kernel=MaxPool2D_NCHW cachingPP=1 ppOnly=0 stripLineD=0 buildPlatform=19 km=<CHANNELS_FIRST=1>,<UNITY_VERSION=202039> pKW=UNITY_ENABLE_REFLECTION_BUFFERS UNITY_USE_DITHER_MASK_FOR_ALPHABLENDED_SHADOWS UNITY_PBS_USE_BRDF1 UNITY_SPECCUBE_BOX_PROJECTION UNITY_SPECCUBE_BLENDING UNITY_ENABLE_DETAIL_NORMALMAP SHADER_API_DESKTOP UNITY_LIGHT_PROBE_PROXY_VOLUME UNITY_LIGHTMAP_FULL_HDR uKW=SHADER_STAGE_COMPUTE platform=d3d11 flags=0 ok=1 outsize=2137

Cmd: compileComputeKernel
  insize=15342 file=C:/Users/ADMiN/Unity_Projects/Smart_Parking/Library/PackageCache/com.unity.barracuda@2.3.1-preview/Barracuda/Runtime/Core/Resources/Barracuda/Reduce.compute kernel=GlobalReduceMax cachingPP=1 ppOnly=0 stripLineD=0 buildPlatform=19 km=<LOOP=0>,<REDUCEMAX=1>,<GLOBALSUFFIX=GlobalReduceMax>,<UNITY_VERSION=202039> pKW=UNITY_ENABLE_REFLECTION_BUFFERS UNITY_USE_DITHER_MASK_FOR_ALPHABLENDED_SHADOWS UNITY_PBS_USE_BRDF1 UNITY_SPECCUBE_BOX_PROJECTION UNITY_SPECCUBE_BLENDING UNITY_ENABLE_DETAIL_NORMALMAP SHADER_API_DESKTOP UNITY_LIGHT_PROBE_PROXY_VOLUME UNITY_LIGHTMAP_FULL_HDR uKW=SHADER_STAGE_COMPUTE platform=d3d11 flags=0 ok=1 outsize=2274

Cmd: compileComputeKernel
  insize=10837 file=C:/Users/ADMiN/Unity_Projects/Smart_Parking/Library/PackageCache/com.unity.barracuda@2.3.1-preview/Barracuda/Runtime/Core/Resources/Barracuda/ActivationBase.compute kernel=Atan_NCHW cachingPP=1 ppOnly=0 stripLineD=0 buildPlatform=19 km=<CHANNELS_FIRST=1>,<UNITY_VERSION=202039> pKW=UNITY_ENABLE_REFLECTION_BUFFERS UNITY_USE_DITHER_MASK_FOR_ALPHABLENDED_SHADOWS UNITY_PBS_USE_BRDF1 UNITY_SPECCUBE_BOX_PROJECTION UNITY_SPECCUBE_BLENDING UNITY_ENABLE_DETAIL_NORMALMAP SHADER_API_DESKTOP UNITY_LIGHT_PROBE_PROXY_VOLUME UNITY_LIGHTMAP_FULL_HDR uKW=SHADER_STAGE_COMPUTE platform=d3d11 flags=0 ok=1 outsize=1828

Cmd: compileComputeKernel
  insize=10837 file=C:/Users/ADMiN/Unity_Projects/Smart_Parking/Library/PackageCache/com.unity.barracuda@2.3.1-preview/Barracuda/Runtime/Core/Resources/Barracuda/ActivationBase.compute kernel=Acosh_CNyx_NHWC cachingPP=1 ppOnly=0 stripLineD=0 buildPlatform=19 km=<CHANNELS_FIRST=0>,<UNITY_VERSION=202039> pKW=UNITY_ENABLE_REFLECTION_BUFFERS UNITY_USE_DITHER_MASK_FOR_ALPHABLENDED_SHADOWS UNITY_PBS_USE_BRDF1 UNITY_SPECCUBE_BOX_PROJECTION UNITY_SPECCUBE_BLENDING UNITY_ENABLE_DETAIL_NORMALMAP SHADER_API_DESKTOP UNITY_LIGHT_PROBE_PROXY_VOLUME UNITY_LIGHTMAP_FULL_HDR uKW=SHADER_STAGE_COMPUTE platform=d3d11 flags=0 ok=1 outsize=1374

Cmd: compileComputeKernel
  insize=10837 file=C:/Users/ADMiN/Unity_Projects/Smart_Parking/Library/PackageCache/com.unity.barracuda@2.3.1-preview/Barracuda/Runtime/Core/Resources/Barracuda/ActivationBase.compute kernel=Pow_Nyxc_NHWC cachingPP=1 ppOnly=0 stripLineD=0 buildPlatform=19 km=<CHANNELS_FIRST=0>,<UNITY_VERSION=202039> pKW=UNITY_ENABLE_REFLECTION_BUFFERS UNITY_USE_DITHER_MASK_FOR_ALPHABLENDED_SHADOWS UNITY_PBS_USE_BRDF1 UNITY_SPECCUBE_BOX_PROJECTION UNITY_SPECCUBE_BLENDING UNITY_ENABLE_DETAIL_NORMALMAP SHADER_API_DESKTOP UNITY_LIGHT_PROBE_PROXY_VOLUME UNITY_LIGHTMAP_FULL_HDR uKW=SHADER_STAGE_COMPUTE platform=d3d11 flags=0 ok=1 outsize=1306

Cmd: compileComputeKernel
  insize=10837 file=C:/Users/ADMiN/Unity_Projects/Smart_Parking/Library/PackageCache/com.unity.barracuda@2.3.1-preview/Barracuda/Runtime/Core/Resources/Barracuda/ActivationBase.compute kernel=Log_NHWC cachingPP=1 ppOnly=0 stripLineD=0 buildPlatform=19 km=<CHANNELS_FIRST=0>,<UNITY_VERSION=202039> pKW=UNITY_ENABLE_REFLECTION_BUFFERS UNITY_USE_DITHER_MASK_FOR_ALPHABLENDED_SHADOWS UNITY_PBS_USE_BRDF1 UNITY_SPECCUBE_BOX_PROJECTION UNITY_SPECCUBE_BLENDING UNITY_ENABLE_DETAIL_NORMALMAP SHADER_API_DESKTOP UNITY_LIGHT_PROBE_PROXY_VOLUME UNITY_LIGHTMAP_FULL_HDR uKW=SHADER_STAGE_COMPUTE platform=d3d11 flags=0 ok=1 outsize=1311

Cmd: compileComputeKernel
  insize=10837 file=C:/Users/ADMiN/Unity_Projects/Smart_Parking/Library/PackageCache/com.unity.barracuda@2.3.1-preview/Barracuda/Runtime/Core/Resources/Barracuda/ActivationBase.compute kernel=Elu_NCHW cachingPP=1 ppOnly=0 stripLineD=0 buildPlatform=19 km=<CHANNELS_FIRST=1>,<UNITY_VERSION=202039> pKW=UNITY_ENABLE_REFLECTION_BUFFERS UNITY_USE_DITHER_MASK_FOR_ALPHABLENDED_SHADOWS UNITY_PBS_USE_BRDF1 UNITY_SPECCUBE_BOX_PROJECTION UNITY_SPECCUBE_BLENDING UNITY_ENABLE_DETAIL_NORMALMAP SHADER_API_DESKTOP UNITY_LIGHT_PROBE_PROXY_VOLUME UNITY_LIGHTMAP_FULL_HDR uKW=SHADER_STAGE_COMPUTE platform=d3d11 flags=0 ok=1 outsize=1465

Cmd: compileComputeKernel
  insize=10837 file=C:/Users/ADMiN/Unity_Projects/Smart_Parking/Library/PackageCache/com.unity.barracuda@2.3.1-preview/Barracuda/Runtime/Core/Resources/Barracuda/ActivationBase.compute kernel=Softplus_CNyx_NHWC cachingPP=1 ppOnly=0 stripLineD=0 buildPlatform=19 km=<CHANNELS_FIRST=0>,<UNITY_VERSION=202039> pKW=UNITY_ENABLE_REFLECTION_BUFFERS UNITY_USE_DITHER_MASK_FOR_ALPHABLENDED_SHADOWS UNITY_PBS_USE_BRDF1 UNITY_SPECCUBE_BOX_PROJECTION UNITY_SPECCUBE_BLENDING UNITY_ENABLE_DETAIL_NORMALMAP SHADER_API_DESKTOP UNITY_LIGHT_PROBE_PROXY_VOLUME UNITY_LIGHTMAP_FULL_HDR uKW=SHADER_STAGE_COMPUTE platform=d3d11 flags=0 ok=1 outsize=1369

Cmd: compileComputeKernel
  insize=10837 file=C:/Users/ADMiN/Unity_Projects/Smart_Parking/Library/PackageCache/com.unity.barracuda@2.3.1-preview/Barracuda/Runtime/Core/Resources/Barracuda/ActivationBase.compute kernel=Selu_Nyxc_NHWC cachingPP=1 ppOnly=0 stripLineD=0 buildPlatform=19 km=<CHANNELS_FIRST=0>,<UNITY_VERSION=202039> pKW=UNITY_ENABLE_REFLECTION_BUFFERS UNITY_USE_DITHER_MASK_FOR_ALPHABLENDED_SHADOWS UNITY_PBS_USE_BRDF1 UNITY_SPECCUBE_BOX_PROJECTION UNITY_SPECCUBE_BLENDING UNITY_ENABLE_DETAIL_NORMALMAP SHADER_API_DESKTOP UNITY_LIGHT_PROBE_PROXY_VOLUME UNITY_LIGHTMAP_FULL_HDR uKW=SHADER_STAGE_COMPUTE platform=d3d11 flags=0 ok=1 outsize=1484

Cmd: compileComputeKernel
  insize=10837 file=C:/Users/ADMiN/Unity_Projects/Smart_Parking/Library/PackageCache/com.unity.barracuda@2.3.1-preview/Barracuda/Runtime/Core/Resources/Barracuda/ActivationBase.compute kernel=Relu_Nyxc_NHWC cachingPP=1 ppOnly=0 stripLineD=0 buildPlatform=19 km=<CHANNELS_FIRST=0>,<UNITY_VERSION=202039> pKW=UNITY_ENABLE_REFLECTION_BUFFERS UNITY_USE_DITHER_MASK_FOR_ALPHABLENDED_SHADOWS UNITY_PBS_USE_BRDF1 UNITY_SPECCUBE_BOX_PROJECTION UNITY_SPECCUBE_BLENDING UNITY_ENABLE_DETAIL_NORMALMAP SHADER_API_DESKTOP UNITY_LIGHT_PROBE_PROXY_VOLUME UNITY_LIGHTMAP_FULL_HDR uKW=SHADER_STAGE_COMPUTE platform=d3d11 flags=0 ok=1 outsize=1229

Cmd: compileComputeKernel
  insize=10837 file=C:/Users/ADMiN/Unity_Projects/Smart_Parking/Library/PackageCache/com.unity.barracuda@2.3.1-preview/Barracuda/Runtime/Core/Resources/Barracuda/ActivationBase.compute kernel=Sinh_FlatStrict cachingPP=1 ppOnly=0 stripLineD=0 buildPlatform=19 km=<UNITY_VERSION=202039> pKW=UNITY_ENABLE_REFLECTION_BUFFERS UNITY_USE_DITHER_MASK_FOR_ALPHABLENDED_SHADOWS UNITY_PBS_USE_BRDF1 UNITY_SPECCUBE_BOX_PROJECTION UNITY_SPECCUBE_BLENDING UNITY_ENABLE_DETAIL_NORMALMAP SHADER_API_DESKTOP UNITY_LIGHT_PROBE_PROXY_VOLUME UNITY_LIGHTMAP_FULL_HDR uKW=SHADER_STAGE_COMPUTE platform=d3d11 flags=0 ok=1 outsize=846

Cmd: compileComputeKernel
  insize=10837 file=C:/Users/ADMiN/Unity_Projects/Smart_Parking/Library/PackageCache/com.unity.barracuda@2.3.1-preview/Barracuda/Runtime/Core/Resources/Barracuda/ActivationBase.compute kernel=Atanh_Flat cachingPP=1 ppOnly=0 stripLineD=0 buildPlatform=19 km=<UNITY_VERSION=202039> pKW=UNITY_ENABLE_REFLECTION_BUFFERS UNITY_USE_DITHER_MASK_FOR_ALPHABLENDED_SHADOWS UNITY_PBS_USE_BRDF1 UNITY_SPECCUBE_BOX_PROJECTION UNITY_SPECCUBE_BLENDING UNITY_ENABLE_DETAIL_NORMALMAP SHADER_API_DESKTOP UNITY_LIGHT_PROBE_PROXY_VOLUME UNITY_LIGHTMAP_FULL_HDR uKW=SHADER_STAGE_COMPUTE platform=d3d11 flags=0 ok=1 outsize=791

Cmd: compileComputeKernel
  insize=10837 file=C:/Users/ADMiN/Unity_Projects/Smart_Parking/Library/PackageCache/com.unity.barracuda@2.3.1-preview/Barracuda/Runtime/Core/Resources/Barracuda/ActivationBase.compute kernel=Asin_FlatStrict cachingPP=1 ppOnly=0 stripLineD=0 buildPlatform=19 km=<UNITY_VERSION=202039> pKW=UNITY_ENABLE_REFLECTION_BUFFERS UNITY_USE_DITHER_MASK_FOR_ALPHABLENDED_SHADOWS UNITY_PBS_USE_BRDF1 UNITY_SPECCUBE_BOX_PROJECTION UNITY_SPECCUBE_BLENDING UNITY_ENABLE_DETAIL_NORMALMAP SHADER_API_DESKTOP UNITY_LIGHT_PROBE_PROXY_VOLUME UNITY_LIGHTMAP_FULL_HDR uKW=SHADER_STAGE_COMPUTE platform=d3d11 flags=0 ok=1 outsize=1310

Cmd: compileComputeKernel
  insize=10837 file=C:/Users/ADMiN/Unity_Projects/Smart_Parking/Library/PackageCache/com.unity.barracuda@2.3.1-preview/Barracuda/Runtime/Core/Resources/Barracuda/ActivationBase.compute kernel=Exp_Flat cachingPP=1 ppOnly=0 stripLineD=0 buildPlatform=19 km=<UNITY_VERSION=202039> pKW=UNITY_ENABLE_REFLECTION_BUFFERS UNITY_USE_DITHER_MASK_FOR_ALPHABLENDED_SHADOWS UNITY_PBS_USE_BRDF1 UNITY_SPECCUBE_BOX_PROJECTION UNITY_SPECCUBE_BLENDING UNITY_ENABLE_DETAIL_NORMALMAP SHADER_API_DESKTOP UNITY_LIGHT_PROBE_PROXY_VOLUME UNITY_LIGHTMAP_FULL_HDR uKW=SHADER_STAGE_COMPUTE platform=d3d11 flags=0 ok=1 outsize=701

Cmd: compileComputeKernel
  insize=10837 file=C:/Users/ADMiN/Unity_Projects/Smart_Parking/Library/PackageCache/com.unity.barracuda@2.3.1-preview/Barracuda/Runtime/Core/Resources/Barracuda/ActivationBase.compute kernel=Round_FlatStrict cachingPP=1 ppOnly=0 stripLineD=0 buildPlatform=19 km=<UNITY_VERSION=202039> pKW=UNITY_ENABLE_REFLECTION_BUFFERS UNITY_USE_DITHER_MASK_FOR_ALPHABLENDED_SHADOWS UNITY_PBS_USE_BRDF1 UNITY_SPECCUBE_BOX_PROJECTION UNITY_SPECCUBE_BLENDING UNITY_ENABLE_DETAIL_NORMALMAP SHADER_API_DESKTOP UNITY_LIGHT_PROBE_PROXY_VOLUME UNITY_LIGHTMAP_FULL_HDR uKW=SHADER_STAGE_COMPUTE platform=d3d11 flags=0 ok=1 outsize=623

Cmd: compileComputeKernel
  insize=10837 file=C:/Users/ADMiN/Unity_Projects/Smart_Parking/Library/PackageCache/com.unity.barracuda@2.3.1-preview/Barracuda/Runtime/Core/Resources/Barracuda/ActivationBase.compute kernel=Abs_Loop cachingPP=1 ppOnly=0 stripLineD=0 buildPlatform=19 km=<UNITY_VERSION=202039> pKW=UNITY_ENABLE_REFLECTION_BUFFERS UNITY_USE_DITHER_MASK_FOR_ALPHABLENDED_SHADOWS UNITY_PBS_USE_BRDF1 UNITY_SPECCUBE_BOX_PROJECTION UNITY_SPECCUBE_BLENDING UNITY_ENABLE_DETAIL_NORMALMAP SHADER_API_DESKTOP UNITY_LIGHT_PROBE_PROXY_VOLUME UNITY_LIGHTMAP_FULL_HDR uKW=SHADER_STAGE_COMPUTE platform=d3d11 flags=0 ok=1 outsize=772

Cmd: compileComputeKernel
  insize=88028 file=C:/Users/ADMiN/Unity_Projects/Smart_Parking/Library/PackageCache/com.unity.barracuda@2.3.1-preview/Barracuda/Runtime/Core/Resources/Barracuda/BarracudaReferenceImpl.compute kernel=Upsample3D_NHWC cachingPP=1 ppOnly=0 stripLineD=0 buildPlatform=19 km=<CHANNELS_FIRST=0>,<UNITY_VERSION=202039> pKW=UNITY_ENABLE_REFLECTION_BUFFERS UNITY_USE_DITHER_MASK_FOR_ALPHABLENDED_SHADOWS UNITY_PBS_USE_BRDF1 UNITY_SPECCUBE_BOX_PROJECTION UNITY_SPECCUBE_BLENDING UNITY_ENABLE_DETAIL_NORMALMAP SHADER_API_DESKTOP UNITY_LIGHT_PROBE_PROXY_VOLUME UNITY_LIGHTMAP_FULL_HDR uKW=SHADER_STAGE_COMPUTE platform=d3d11 flags=0  error: 1 plat 4 at BarracudaReferenceImpl.compute(2720): signed/unsigned mismatch, unsigned assumed
  error: 1 plat 4 at BarracudaReferenceImpl.compute(2747): signed/unsigned mismatch, unsigned assumed
  error: 1 plat 4 at BarracudaReferenceImpl.compute(2763): signed/unsigned mismatch, unsigned assumed
  error: 1 plat 4 at BarracudaReferenceImpl.compute(2765): signed/unsigned mismatch, unsigned assumed
  error: 1 plat 4 at BarracudaReferenceImpl.compute(2767): signed/unsigned mismatch, unsigned assumed
  error: 1 plat 4 at BarracudaReferenceImpl.compute(2769): signed/unsigned mismatch, unsigned assumed
 ok=1 outsize=2187

Cmd: compileComputeKernel
  insize=88028 file=C:/Users/ADMiN/Unity_Projects/Smart_Parking/Library/PackageCache/com.unity.barracuda@2.3.1-preview/Barracuda/Runtime/Core/Resources/Barracuda/BarracudaReferenceImpl.compute kernel=ResampleBilinear2D_NCHW cachingPP=1 ppOnly=0 stripLineD=0 buildPlatform=19 km=<CHANNELS_FIRST=1>,<UNITY_VERSION=202039> pKW=UNITY_ENABLE_REFLECTION_BUFFERS UNITY_USE_DITHER_MASK_FOR_ALPHABLENDED_SHADOWS UNITY_PBS_USE_BRDF1 UNITY_SPECCUBE_BOX_PROJECTION UNITY_SPECCUBE_BLENDING UNITY_ENABLE_DETAIL_NORMALMAP SHADER_API_DESKTOP UNITY_LIGHT_PROBE_PROXY_VOLUME UNITY_LIGHTMAP_FULL_HDR uKW=SHADER_STAGE_COMPUTE platform=d3d11 flags=0  error: 1 plat 4 at BarracudaReferenceImpl.compute(2720): signed/unsigned mismatch, unsigned assumed
  error: 1 plat 4 at BarracudaReferenceImpl.compute(2747): signed/unsigned mismatch, unsigned assumed
  error: 1 plat 4 at BarracudaReferenceImpl.compute(2763): signed/unsigned mismatch, unsigned assumed
  error: 1 plat 4 at BarracudaReferenceImpl.compute(2765): signed/unsigned mismatch, unsigned assumed
  error: 1 plat 4 at BarracudaReferenceImpl.compute(2767): signed/unsigned mismatch, unsigned assumed
  error: 1 plat 4 at BarracudaReferenceImpl.compute(2769): signed/unsigned mismatch, unsigned assumed
 ok=1 outsize=2482

Cmd: compileComputeKernel
  insize=88028 file=C:/Users/ADMiN/Unity_Projects/Smart_Parking/Library/PackageCache/com.unity.barracuda@2.3.1-preview/Barracuda/Runtime/Core/Resources/Barracuda/BarracudaReferenceImpl.compute kernel=DepthToSpace_CRD_NCHW cachingPP=1 ppOnly=0 stripLineD=0 buildPlatform=19 km=<CHANNELS_FIRST=1>,<UNITY_VERSION=202039> pKW=UNITY_ENABLE_REFLECTION_BUFFERS UNITY_USE_DITHER_MASK_FOR_ALPHABLENDED_SHADOWS UNITY_PBS_USE_BRDF1 UNITY_SPECCUBE_BOX_PROJECTION UNITY_SPECCUBE_BLENDING UNITY_ENABLE_DETAIL_NORMALMAP SHADER_API_DESKTOP UNITY_LIGHT_PROBE_PROXY_VOLUME UNITY_LIGHTMAP_FULL_HDR uKW=SHADER_STAGE_COMPUTE platform=d3d11 flags=0  error: 1 plat 4 at BarracudaReferenceImpl.compute(2720): signed/unsigned mismatch, unsigned assumed
  error: 1 plat 4 at BarracudaReferenceImpl.compute(2747): signed/unsigned mismatch, unsigned assumed
  error: 1 plat 4 at BarracudaReferenceImpl.compute(2763): signed/unsigned mismatch, unsigned assumed
  error: 1 plat 4 at BarracudaReferenceImpl.compute(2765): signed/unsigned mismatch, unsigned assumed
  error: 1 plat 4 at BarracudaReferenceImpl.compute(2767): signed/unsigned mismatch, unsigned assumed
  error: 1 plat 4 at BarracudaReferenceImpl.compute(2769): signed/unsigned mismatch, unsigned assumed
 ok=1 outsize=1489

Cmd: compileComputeKernel
  insize=88028 file=C:/Users/ADMiN/Unity_Projects/Smart_Parking/Library/PackageCache/com.unity.barracuda@2.3.1-preview/Barracuda/Runtime/Core/Resources/Barracuda/BarracudaReferenceImpl.compute kernel=ScaleBias_NCHW cachingPP=1 ppOnly=0 stripLineD=0 buildPlatform=19 km=<CHANNELS_FIRST=1>,<UNITY_VERSION=202039> pKW=UNITY_ENABLE_REFLECTION_BUFFERS UNITY_USE_DITHER_MASK_FOR_ALPHABLENDED_SHADOWS UNITY_PBS_USE_BRDF1 UNITY_SPECCUBE_BOX_PROJECTION UNITY_SPECCUBE_BLENDING UNITY_ENABLE_DETAIL_NORMALMAP SHADER_API_DESKTOP UNITY_LIGHT_PROBE_PROXY_VOLUME UNITY_LIGHTMAP_FULL_HDR uKW=SHADER_STAGE_COMPUTE platform=d3d11 flags=0  error: 1 plat 4 at BarracudaReferenceImpl.compute(2720): signed/unsigned mismatch, unsigned assumed
  error: 1 plat 4 at BarracudaReferenceImpl.compute(2747): signed/unsigned mismatch, unsigned assumed
  error: 1 plat 4 at BarracudaReferenceImpl.compute(2763): signed/unsigned mismatch, unsigned assumed
  error: 1 plat 4 at BarracudaReferenceImpl.compute(2765): signed/unsigned mismatch, unsigned assumed
  error: 1 plat 4 at BarracudaReferenceImpl.compute(2767): signed/unsigned mismatch, unsigned assumed
  error: 1 plat 4 at BarracudaReferenceImpl.compute(2769): signed/unsigned mismatch, unsigned assumed
 ok=1 outsize=3685

Cmd: compileComputeKernel
  insize=88028 file=C:/Users/ADMiN/Unity_Projects/Smart_Parking/Library/PackageCache/com.unity.barracuda@2.3.1-preview/Barracuda/Runtime/Core/Resources/Barracuda/BarracudaReferenceImpl.compute kernel=Ceil_NHWC cachingPP=1 ppOnly=0 stripLineD=0 buildPlatform=19 km=<CHANNELS_FIRST=0>,<UNITY_VERSION=202039> pKW=UNITY_ENABLE_REFLECTION_BUFFERS UNITY_USE_DITHER_MASK_FOR_ALPHABLENDED_SHADOWS UNITY_PBS_USE_BRDF1 UNITY_SPECCUBE_BOX_PROJECTION UNITY_SPECCUBE_BLENDING UNITY_ENABLE_DETAIL_NORMALMAP SHADER_API_DESKTOP UNITY_LIGHT_PROBE_PROXY_VOLUME UNITY_LIGHTMAP_FULL_HDR uKW=SHADER_STAGE_COMPUTE platform=d3d11 flags=0  error: 1 plat 4 at BarracudaReferenceImpl.compute(2720): signed/unsigned mismatch, unsigned assumed
  error: 1 plat 4 at BarracudaReferenceImpl.compute(2747): signed/unsigned mismatch, unsigned assumed
  error: 1 plat 4 at BarracudaReferenceImpl.compute(2763): signed/unsigned mismatch, unsigned assumed
  error: 1 plat 4 at BarracudaReferenceImpl.compute(2765): signed/unsigned mismatch, unsigned assumed
  error: 1 plat 4 at BarracudaReferenceImpl.compute(2767): signed/unsigned mismatch, unsigned assumed
  error: 1 plat 4 at BarracudaReferenceImpl.compute(2769): signed/unsigned mismatch, unsigned assumed
 ok=1 outsize=3372

Cmd: compileComputeKernel
  insize=88028 file=C:/Users/ADMiN/Unity_Projects/Smart_Parking/Library/PackageCache/com.unity.barracuda@2.3.1-preview/Barracuda/Runtime/Core/Resources/Barracuda/BarracudaReferenceImpl.compute kernel=Swish_NHWC cachingPP=1 ppOnly=0 stripLineD=0 buildPlatform=19 km=<CHANNELS_FIRST=0>,<UNITY_VERSION=202039> pKW=UNITY_ENABLE_REFLECTION_BUFFERS UNITY_USE_DITHER_MASK_FOR_ALPHABLENDED_SHADOWS UNITY_PBS_USE_BRDF1 UNITY_SPECCUBE_BOX_PROJECTION UNITY_SPECCUBE_BLENDING UNITY_ENABLE_DETAIL_NORMALMAP SHADER_API_DESKTOP UNITY_LIGHT_PROBE_PROXY_VOLUME UNITY_LIGHTMAP_FULL_HDR uKW=SHADER_STAGE_COMPUTE platform=d3d11 flags=0  error: 1 plat 4 at BarracudaReferenceImpl.compute(2720): signed/unsigned mismatch, unsigned assumed
  error: 1 plat 4 at BarracudaReferenceImpl.compute(2747): signed/unsigned mismatch, unsigned assumed
  error: 1 plat 4 at BarracudaReferenceImpl.compute(2763): signed/unsigned mismatch, unsigned assumed
  error: 1 plat 4 at BarracudaReferenceImpl.compute(2765): signed/unsigned mismatch, unsigned assumed
  error: 1 plat 4 at BarracudaReferenceImpl.compute(2767): signed/unsigned mismatch, unsigned assumed
  error: 1 plat 4 at BarracudaReferenceImpl.compute(2769): signed/unsigned mismatch, unsigned assumed
 ok=1 outsize=3457

Cmd: shutdown
